<?xml version="1.0" encoding="UTF-8"?>
<!-- Generated by org.testng.reporters.JUnitReportReporter -->
<testsuite skipped="0" hostname="DESKTOP-BM4NCDP" name="com.GitApiTest.gitApiTest" tests="5" failures="0" timestamp="10 Jan 2021 16:25:05 GMT" time="8.983" errors="0">
  <testcase name="getRepoInfo" time="0.801" classname="com.GitApiTest.gitApiTest"/>
  <testcase name="getRepoByUsername" time="3.309" classname="com.GitApiTest.gitApiTest"/>
  <testcase name="getRepoTest" time="0.897" classname="com.GitApiTest.gitApiTest"/>
  <testcase name="postRepo" time="2.924" classname="com.GitApiTest.gitApiTest"/>
  <testcase name="updateRepo" time="1.052" classname="com.GitApiTest.gitApiTest"/>
</testsuite> <!-- com.GitApiTest.gitApiTest -->
