<?xml version="1.0" encoding="UTF-8"?>
<!-- Generated by org.testng.reporters.JUnitReportReporter -->
<testsuite skipped="0" hostname="DESKTOP-BM4NCDP" name="com.GitApiTest.gitApiTest" tests="4" failures="0" timestamp="09 Jan 2021 17:21:39 GMT" time="8.175" errors="0">
  <testcase name="getRepoInfo" time="0.789" classname="com.GitApiTest.gitApiTest"/>
  <testcase name="getRepoByUsername" time="3.215" classname="com.GitApiTest.gitApiTest"/>
  <testcase name="getRepoTest" time="0.849" classname="com.GitApiTest.gitApiTest"/>
  <testcase name="postRepo" time="3.322" classname="com.GitApiTest.gitApiTest"/>
</testsuite> <!-- com.GitApiTest.gitApiTest -->
